  315114078_ProyectoFinal_Gpo09.cpp
C:\Users\monse\OneDrive\Escritorio\Computacion G\GITHUB\REPOSITORIO\315114078_PROYECTO_GPO09\ProyectoFinal\ProyectoFinal\modelAnim.h(104,44): warning C4244: '=': conversión de 'double' a 'float'; posible pérdida de datos
C:\Users\monse\OneDrive\Escritorio\Computacion G\GITHUB\REPOSITORIO\315114078_PROYECTO_GPO09\ProyectoFinal\ProyectoFinal\modelAnim.h(519,24): warning C4244: 'inicializando': conversión de 'double' a 'float'; posible pérdida de datos
C:\Users\monse\OneDrive\Escritorio\Computacion G\GITHUB\REPOSITORIO\315114078_PROYECTO_GPO09\ProyectoFinal\ProyectoFinal\315114078_ProyectoFinal_Gpo09.cpp(463,24): warning C4244: 'inicializando': conversión de 'double' a 'GLfloat'; posible pérdida de datos
C:\Users\monse\OneDrive\Escritorio\Computacion G\GITHUB\REPOSITORIO\315114078_PROYECTO_GPO09\ProyectoFinal\ProyectoFinal\315114078_ProyectoFinal_Gpo09.cpp(1093,11): warning C4244: '=': conversión de 'double' a 'GLfloat'; posible pérdida de datos
C:\Users\monse\OneDrive\Escritorio\Computacion G\GITHUB\REPOSITORIO\315114078_PROYECTO_GPO09\ProyectoFinal\ProyectoFinal\315114078_ProyectoFinal_Gpo09.cpp(1094,11): warning C4244: '=': conversión de 'double' a 'GLfloat'; posible pérdida de datos
C:\Users\monse\OneDrive\Escritorio\Computacion G\GITHUB\REPOSITORIO\315114078_PROYECTO_GPO09\ProyectoFinal\ProyectoFinal\315114078_ProyectoFinal_Gpo09.cpp(1098,18): warning C4244: 'inicializando': conversión de 'double' a 'GLfloat'; posible pérdida de datos
C:\Users\monse\OneDrive\Escritorio\Computacion G\GITHUB\REPOSITORIO\315114078_PROYECTO_GPO09\ProyectoFinal\ProyectoFinal\315114078_ProyectoFinal_Gpo09.cpp(1099,18): warning C4244: 'inicializando': conversión de 'double' a 'GLfloat'; posible pérdida de datos
C:\Users\monse\OneDrive\Escritorio\Computacion G\GITHUB\REPOSITORIO\315114078_PROYECTO_GPO09\ProyectoFinal\ProyectoFinal\315114078_ProyectoFinal_Gpo09.cpp(1101,10): warning C4244: '=': conversión de 'double' a 'GLfloat'; posible pérdida de datos
C:\Users\monse\OneDrive\Escritorio\Computacion G\GITHUB\REPOSITORIO\315114078_PROYECTO_GPO09\ProyectoFinal\ProyectoFinal\315114078_ProyectoFinal_Gpo09.cpp(1102,10): warning C4244: '=': conversión de 'double' a 'GLfloat'; posible pérdida de datos
C:\Users\monse\OneDrive\Escritorio\Computacion G\GITHUB\REPOSITORIO\315114078_PROYECTO_GPO09\ProyectoFinal\ProyectoFinal\315114078_ProyectoFinal_Gpo09.cpp(1121,17): warning C4305: '+=': truncamiento de 'double' a 'float'
C:\Users\monse\OneDrive\Escritorio\Computacion G\GITHUB\REPOSITORIO\315114078_PROYECTO_GPO09\ProyectoFinal\ProyectoFinal\315114078_ProyectoFinal_Gpo09.cpp(1127,17): warning C4305: '-=': truncamiento de 'double' a 'float'
C:\Users\monse\OneDrive\Escritorio\Computacion G\GITHUB\REPOSITORIO\315114078_PROYECTO_GPO09\ProyectoFinal\ProyectoFinal\315114078_ProyectoFinal_Gpo09.cpp(1133,17): warning C4305: '+=': truncamiento de 'double' a 'float'
C:\Users\monse\OneDrive\Escritorio\Computacion G\GITHUB\REPOSITORIO\315114078_PROYECTO_GPO09\ProyectoFinal\ProyectoFinal\315114078_ProyectoFinal_Gpo09.cpp(1139,17): warning C4305: '-=': truncamiento de 'double' a 'float'
C:\Users\monse\OneDrive\Escritorio\Computacion G\GITHUB\REPOSITORIO\315114078_PROYECTO_GPO09\ProyectoFinal\ProyectoFinal\315114078_ProyectoFinal_Gpo09.cpp(1145,17): warning C4305: '+=': truncamiento de 'double' a 'float'
C:\Users\monse\OneDrive\Escritorio\Computacion G\GITHUB\REPOSITORIO\315114078_PROYECTO_GPO09\ProyectoFinal\ProyectoFinal\315114078_ProyectoFinal_Gpo09.cpp(1151,17): warning C4305: '-=': truncamiento de 'double' a 'float'
C:\Users\monse\OneDrive\Escritorio\Computacion G\GITHUB\REPOSITORIO\315114078_PROYECTO_GPO09\ProyectoFinal\ProyectoFinal\315114078_ProyectoFinal_Gpo09.cpp(1157,15): warning C4305: '+=': truncamiento de 'double' a 'float'
C:\Users\monse\OneDrive\Escritorio\Computacion G\GITHUB\REPOSITORIO\315114078_PROYECTO_GPO09\ProyectoFinal\ProyectoFinal\315114078_ProyectoFinal_Gpo09.cpp(1163,15): warning C4305: '-=': truncamiento de 'double' a 'float'
soil2-debug.lib(SOIL2.obj) : warning LNK4075: se omite '/EDITANDCONTINUE' debido a la especificación '/OPT:ICF'
LINK : warning LNK4098: la biblioteca predeterminada'MSVCRTD' entra en conflicto con otras bibliotecas; use la biblioteca /NODEFAULTLIB:biblioteca
  Generando código
  1 of 697 functions ( 0.1%) were compiled, the rest were copied from previous compilation.
    0 functions were new in current compilation
    0 functions had inline decision re-evaluated but remain unchanged
  Generación de código finalizada
soil2-debug.lib(etc1_utils.obj) : warning LNK4099: no se encontró PDB 'soil2-debug.pdb' con 'soil2-debug.lib(etc1_utils.obj)' o en 'C:\Users\monse\OneDrive\Escritorio\Computacion G\GITHUB\REPOSITORIO\315114078_PROYECTO_GPO09\ProyectoFinal\Release\soil2-debug.pdb'; se vinculará el objeto sin tener en cuenta información de depuración
soil2-debug.lib(image_DXT.obj) : warning LNK4099: no se encontró PDB 'soil2-debug.pdb' con 'soil2-debug.lib(image_DXT.obj)' o en 'C:\Users\monse\OneDrive\Escritorio\Computacion G\GITHUB\REPOSITORIO\315114078_PROYECTO_GPO09\ProyectoFinal\Release\soil2-debug.pdb'; se vinculará el objeto sin tener en cuenta información de depuración
soil2-debug.lib(image_helper.obj) : warning LNK4099: no se encontró PDB 'soil2-debug.pdb' con 'soil2-debug.lib(image_helper.obj)' o en 'C:\Users\monse\OneDrive\Escritorio\Computacion G\GITHUB\REPOSITORIO\315114078_PROYECTO_GPO09\ProyectoFinal\Release\soil2-debug.pdb'; se vinculará el objeto sin tener en cuenta información de depuración
soil2-debug.lib(SOIL2.obj) : warning LNK4099: no se encontró PDB 'soil2-debug.pdb' con 'soil2-debug.lib(SOIL2.obj)' o en 'C:\Users\monse\OneDrive\Escritorio\Computacion G\GITHUB\REPOSITORIO\315114078_PROYECTO_GPO09\ProyectoFinal\Release\soil2-debug.pdb'; se vinculará el objeto sin tener en cuenta información de depuración
  ProyectoFinal.vcxproj -> C:\Users\monse\OneDrive\Escritorio\Computacion G\GITHUB\REPOSITORIO\315114078_PROYECTO_GPO09\ProyectoFinal\Release\ProyectoFinal.exe
